<?xml version="1.0" encoding="UTF-8"?>
<!-- Generated by org.testng.reporters.JUnitXMLReporter -->
<testsuite ignored="0" hostname="DESKTOP-42NF19T" failures="0" tests="2" name="Surefire test" time="28.817" errors="0" timestamp="2024-07-19T16:51:29 WEST">
  <testcase classname="io.cucumber.testng.AbstractTestNGCucumberTests" name="runScenario" time="15.135"/>
  <testcase classname="io.cucumber.testng.AbstractTestNGCucumberTests" name="runScenario" time="11.834"/>
</testsuite> <!-- Surefire test -->
