<?xml version="1.0" encoding="UTF-8"?>
<!-- Generated by org.testng.reporters.JUnitXMLReporter -->
<testsuite ignored="1" hostname="DESKTOP-42NF19T" failures="0" tests="1" name="Error Validation Test" time="19.159" errors="0" timestamp="2024-07-19T16:53:31 WEST">
  <testcase classname="WebAutomation.Tests.ErrorValidationTest" name="addProductErrorValidation" time="7.262"/>
  <testcase classname="WebAutomation.Tests.ErrorValidationTest" name="loginErrorValidation" time="0.0">
    <ignored/>
  </testcase> <!-- loginErrorValidation -->
</testsuite> <!-- Error Validation Test -->
