<?xml version="1.0" encoding="UTF-8"?>
<!-- Generated by org.testng.reporters.JUnitXMLReporter -->
<testsuite ignored="0" hostname="DESKTOP-42NF19T" failures="0" tests="3" name="Submit Order Test" time="55.757" errors="0" timestamp="2024-07-22T09:25:50 WEST">
  <testcase classname="WebAutomation.Tests.SubmitOrderTest" name="submitOrder" time="12.73"/>
  <testcase classname="WebAutomation.Tests.SubmitOrderTest" name="submitOrder" time="8.055"/>
  <testcase classname="WebAutomation.Tests.SubmitOrderTest" name="orderHistoryTest" time="4.377"/>
</testsuite> <!-- Submit Order Test -->
